d:\新桌面\duilib-master\duilib\build\debug_u\duilib.pch
d:\新桌面\duilib-master\duilib\build\debug_u\vc142.pdb
d:\新桌面\duilib-master\duilib\build\debug_u\vc142.idb
d:\新桌面\duilib-master\duilib\build\debug_u\stdafx.obj
d:\新桌面\duilib-master\duilib\build\debug_u\uislider.obj
d:\新桌面\duilib-master\duilib\build\debug_u\uitext.obj
d:\新桌面\duilib-master\duilib\build\debug_u\uitreeview.obj
d:\新桌面\duilib-master\duilib\build\debug_u\uiwebbrowser.obj
d:\新桌面\duilib-master\duilib\build\debug_u\uibase.obj
d:\新桌面\duilib-master\duilib\build\debug_u\uicontainer.obj
d:\新桌面\duilib-master\duilib\build\debug_u\uicontrol.obj
d:\新桌面\duilib-master\duilib\build\debug_u\uidlgbuilder.obj
d:\新桌面\duilib-master\duilib\build\debug_u\uimanager.obj
d:\新桌面\duilib-master\duilib\build\debug_u\uimarkup.obj
d:\新桌面\duilib-master\duilib\build\debug_u\uirender.obj
d:\新桌面\duilib-master\duilib\build\debug_u\uichildlayout.obj
d:\新桌面\duilib-master\duilib\build\debug_u\uihorizontallayout.obj
d:\新桌面\duilib-master\duilib\build\debug_u\uitablayout.obj
d:\新桌面\duilib-master\duilib\build\debug_u\uitilelayout.obj
d:\新桌面\duilib-master\duilib\build\debug_u\uiverticallayout.obj
d:\新桌面\duilib-master\duilib\build\debug_u\uilib.obj
d:\新桌面\duilib-master\duilib\build\debug_u\uidelegate.obj
d:\新桌面\duilib-master\duilib\build\debug_u\utils.obj
d:\新桌面\duilib-master\duilib\build\debug_u\winimplbase.obj
d:\新桌面\duilib-master\duilib\build\debug_u\uiactivex.obj
d:\新桌面\duilib-master\duilib\build\debug_u\uibutton.obj
d:\新桌面\duilib-master\duilib\build\debug_u\uicheckbox.obj
d:\新桌面\duilib-master\duilib\build\debug_u\uicombo.obj
d:\新桌面\duilib-master\duilib\build\debug_u\uicombobox.obj
d:\新桌面\duilib-master\duilib\build\debug_u\uidatetime.obj
d:\新桌面\duilib-master\duilib\build\debug_u\uiedit.obj
d:\新桌面\duilib-master\duilib\build\debug_u\uilabel.obj
d:\新桌面\duilib-master\duilib\build\debug_u\uilist.obj
d:\新桌面\duilib-master\duilib\build\debug_u\uioption.obj
d:\新桌面\duilib-master\duilib\build\debug_u\uiprogress.obj
d:\新桌面\duilib-master\duilib\build\debug_u\uirichedit.obj
d:\新桌面\duilib-master\duilib\build\debug_u\uiscrollbar.obj
d:\新桌面\duilib-master\duilib\build\debug_u\stb_image.obj
d:\新桌面\duilib-master\duilib\build\debug_u\xunzip.obj
d:\新桌面\duilib-master\lib\duilib_ud.lib
d:\新桌面\duilib-master\lib\duilib_ud.exp
d:\新桌面\duilib-master\bin\duilib_ud.dll
d:\新桌面\duilib-master\duilib\build\debug_u\duilib.pdb
d:\新桌面\duilib-master\duilib\build\debug_u\duilib.tlog\cl.command.1.tlog
d:\新桌面\duilib-master\duilib\build\debug_u\duilib.tlog\cl.read.1.tlog
d:\新桌面\duilib-master\duilib\build\debug_u\duilib.tlog\cl.write.1.tlog
d:\新桌面\duilib-master\duilib\build\debug_u\duilib.tlog\duilib.write.1u.tlog
d:\新桌面\duilib-master\duilib\build\debug_u\duilib.tlog\link.command.1.tlog
d:\新桌面\duilib-master\duilib\build\debug_u\duilib.tlog\link.read.1.tlog
d:\新桌面\duilib-master\duilib\build\debug_u\duilib.tlog\link.write.1.tlog
