  StdAfx.cpp
cl : 命令行 warning D9035: “Gm”选项已否决，并将在将来的版本中移除
D:\新桌面\duilib-master\DuiLib\Core\UIManager.h(45,2): warning C4091: “typedef ”: 没有声明变量时忽略“DuiLib::EVENTTYPE_UI”的左侧
  WinImplBase.cpp
  Utils.cpp
  UIDelegate.cpp
  UIlib.cpp
  UIVerticalLayout.cpp
cl : 命令行 warning D9035: “Gm”选项已否决，并将在将来的版本中移除
  UITileLayout.cpp
  UITabLayout.cpp
  UIHorizontalLayout.cpp
D:\新桌面\duilib-master\DuiLib\Layout\UIVerticalLayout.cpp(251,37): warning C4302: “类型强制转换”: 从“LPWSTR”到“WORD”截断
  UIChildLayout.cpp
  UIRender.cpp
D:\新桌面\duilib-master\DuiLib\Layout\UIHorizontalLayout.cpp(246,37): warning C4302: “类型强制转换”: 从“LPWSTR”到“WORD”截断
D:\新桌面\duilib-master\DuiLib\Core\UIRender.cpp(1112,61): warning C4838: 从“int”转换到“COLOR16”需要收缩转换
D:\新桌面\duilib-master\DuiLib\Core\UIRender.cpp(1112,86): warning C4838: 从“int”转换到“COLOR16”需要收缩转换
D:\新桌面\duilib-master\DuiLib\Core\UIRender.cpp(1112,111): warning C4838: 从“int”转换到“COLOR16”需要收缩转换
D:\新桌面\duilib-master\DuiLib\Core\UIRender.cpp(1113,66): warning C4838: 从“int”转换到“COLOR16”需要收缩转换
D:\新桌面\duilib-master\DuiLib\Core\UIRender.cpp(1113,92): warning C4838: 从“int”转换到“COLOR16”需要收缩转换
  UIMarkup.cpp
  UIManager.cpp
  UIDlgBuilder.cpp
  UIControl.cpp
D:\新桌面\duilib-master\DuiLib\Core\UIRender.cpp(1113,118): warning C4838: 从“int”转换到“COLOR16”需要收缩转换
  UIContainer.cpp
  UIBase.cpp
  UIWebBrowser.cpp
  UITreeView.cpp
  UIText.cpp
D:\新桌面\duilib-master\DuiLib\Core\UIControl.cpp(682,40): warning C4302: “类型强制转换”: 从“LPWSTR”到“WORD”截断
  UISlider.cpp
D:\新桌面\duilib-master\DuiLib\Control\UIText.cpp(52,37): warning C4302: “类型强制转换”: 从“LPWSTR”到“WORD”截断
  正在生成代码...
  正在编译...
  UIScrollBar.cpp
  UIRichEdit.cpp
  UIProgress.cpp
  UIOption.cpp
  UIList.cpp
D:\新桌面\duilib-master\DuiLib\Control\UISlider.cpp(174,36): warning C4302: “类型强制转换”: 从“LPWSTR”到“WORD”截断
D:\新桌面\duilib-master\DuiLib\Control\UIList.cpp(1444,44): warning C4302: “类型强制转换”: 从“LPWSTR”到“WORD”截断
  UILabel.cpp
D:\新桌面\duilib-master\DuiLib\Control\UIList.cpp(1989,48): warning C4302: “类型强制转换”: 从“LPWSTR”到“WORD”截断
D:\新桌面\duilib-master\DuiLib\Control\UILabel.cpp(67,2): warning C4297: “DuiLib::CLabelUI::~CLabelUI”: 假定函数不引发异常，但确实发生了
  UIEdit.cpp
D:\新桌面\duilib-master\DuiLib\Control\UILabel.cpp(67,2): message : 析构函数或释放器具有一个(可能是隐含的)非引发异常规范
  UIDateTime.cpp
D:\新桌面\duilib-master\DuiLib\Control\UIEdit.cpp(194,35): warning C4302: “类型强制转换”: 从“LPWSTR”到“WORD”截断
  UIComboBox.cpp
  UICombo.cpp
  UICheckBox.cpp
  UIButton.cpp
D:\新桌面\duilib-master\DuiLib\Control\UIDateTime.cpp(231,35): warning C4302: “类型强制转换”: 从“LPWSTR”到“WORD”截断
  UIActiveX.cpp
  正在生成代码...
D:\新桌面\duilib-master\DuiLib\Control\UIButton.cpp(107,35): warning C4302: “类型强制转换”: 从“LPWSTR”到“WORD”截断
  stb_image.c
cl : 命令行 warning D9035: “Gm”选项已否决，并将在将来的版本中移除
  XUnzip.cpp
cl : 命令行 warning D9035: “Gm”选项已否决，并将在将来的版本中移除
D:\VS\MSBuild\Microsoft\VC\v160\Microsoft.CppBuild.targets(1267,5): warning MSB8012: TargetPath(D:\新桌面\duilib-master\DuiLib\.\Build\Debug_u\DuiLib.dll) does not match the Linker's OutputFile property value (D:\新桌面\duilib-master\bin\DuiLib_ud.dll). This may cause your project to build incorrectly. To correct this, please make sure that $(OutDir), $(TargetName) and $(TargetExt) property values match the value specified in %(Link.OutputFile).
D:\VS\MSBuild\Microsoft\VC\v160\Microsoft.CppBuild.targets(1269,5): warning MSB8012: TargetName(DuiLib) does not match the Linker's OutputFile property value (DuiLib_ud). This may cause your project to build incorrectly. To correct this, please make sure that $(OutDir), $(TargetName) and $(TargetExt) property values match the value specified in %(Link.OutputFile).
    正在创建库 ../Lib/DuiLib_ud.lib 和对象 ../Lib/DuiLib_ud.exp
  DuiLib.vcxproj -> D:\新桌面\duilib-master\DuiLib\.\Build\Debug_u\DuiLib.dll
